<?xml version="1.0" encoding="UTF-8"?>
<!-- Generated by org.testng.reporters.JUnitReportReporter -->
<testsuite hostname="Akshay" failures="0" tests="5" name="DataDriven_Testcases.TC01_VerifyDifferent_Input_LoginCredentials" time="29.992" errors="0" timestamp="2025-07-24T23:11:11 IST" skipped="0">
  <testcase classname="DataDriven_Testcases.TC01_VerifyDifferent_Input_LoginCredentials" name="ValidateUserLoginDetails" time="7.718"/>
  <testcase classname="DataDriven_Testcases.TC01_VerifyDifferent_Input_LoginCredentials" name="ValidateUserLoginDetails" time="9.258"/>
  <testcase classname="DataDriven_Testcases.TC01_VerifyDifferent_Input_LoginCredentials" name="ValidateUserLoginDetails" time="4.347"/>
  <testcase classname="DataDriven_Testcases.TC01_VerifyDifferent_Input_LoginCredentials" name="ValidateUserLoginDetails" time="4.335"/>
  <testcase classname="DataDriven_Testcases.TC01_VerifyDifferent_Input_LoginCredentials" name="ValidateUserLoginDetails" time="4.334"/>
</testsuite> <!-- DataDriven_Testcases.TC01_VerifyDifferent_Input_LoginCredentials -->
