<?xml version="1.0" encoding="UTF-8"?>
<!-- Generated by org.testng.reporters.JUnitReportReporter -->
<testsuite hostname="Akshay" failures="0" tests="5" name="DataDriven_Testcases.TC01_VerifyDifferent_Input_LoginCredentials" time="32.669" errors="0" timestamp="2025-07-25T23:03:52 IST" skipped="0">
  <testcase classname="DataDriven_Testcases.TC01_VerifyDifferent_Input_LoginCredentials" name="ValidateUserLoginDetails" time="8.746"/>
  <testcase classname="DataDriven_Testcases.TC01_VerifyDifferent_Input_LoginCredentials" name="ValidateUserLoginDetails" time="4.254"/>
  <testcase classname="DataDriven_Testcases.TC01_VerifyDifferent_Input_LoginCredentials" name="ValidateUserLoginDetails" time="4.358"/>
  <testcase classname="DataDriven_Testcases.TC01_VerifyDifferent_Input_LoginCredentials" name="ValidateUserLoginDetails" time="7.424"/>
  <testcase classname="DataDriven_Testcases.TC01_VerifyDifferent_Input_LoginCredentials" name="ValidateUserLoginDetails" time="7.887"/>
</testsuite> <!-- DataDriven_Testcases.TC01_VerifyDifferent_Input_LoginCredentials -->
